<?xml version="1.0" encoding="UTF-8"?>
<!-- Generated by org.testng.reporters.JUnitXMLReporter -->
<testsuite ignored="0" hostname="Abigails-MacBook-Pro.local" failures="1" tests="3" name="Surefire test" time="5.621" errors="0" timestamp="2025-07-13T17:50:50 CDT">
  <testcase classname="com.example.test.LoginTest" name="negativePasswordTest" time="0.759">
    <failure type="java.lang.AssertionError" message="expected [Your password is invalid!] but found []">
      <![CDATA[java.lang.AssertionError: expected [Your password is invalid!] but found []
at com.example.test.LoginTest.negativePasswordTest(LoginTest.java:82)
at java.base/java.util.ArrayList.forEach(ArrayList.java:1596)
... Removed 36 stack frames]]>
    </failure>
  </testcase> <!-- negativePasswordTest -->
  <testcase classname="com.example.test.LoginTest" name="negativeUsernameTest" time="0.734"/>
  <testcase classname="com.example.test.LoginTest" name="postiveLoginTest" time="0.928"/>
</testsuite> <!-- Surefire test -->
